<?xml version="1.0" encoding="UTF-8"?>
<!-- Generated by org.testng.reporters.JUnitXMLReporter -->
<testsuite ignored="0" hostname="MSI" failures="1" tests="2" name="Test Login" time="18.801" errors="0" timestamp="2025-12-09T10:26:31 ICT">
  <testcase classname="Cau1.Bai1" name="testLoginOrangeHRM" time="9.737"/>
  <testcase classname="Cau1.Bai1" name="testLoginOrangeHRM" time="6.134">
    <failure type="java.lang.AssertionError" message="expected [true] but found [false]">
      <![CDATA[java.lang.AssertionError: expected [true] but found [false]
at Cau1.Bai1.testLoginOrangeHRM(Bai1.java:45)
at java.base/java.util.ArrayList.forEach(ArrayList.java:1596)
... Removed 29 stack frames]]>
    </failure>
  </testcase> <!-- testLoginOrangeHRM -->
</testsuite> <!-- Test Login -->
