<?xml version="1.0" encoding="UTF-8"?>
<testng-results ignored="0" total="2" passed="2" failed="0" skipped="0">
  <reporter-output>
    <line>
      <![CDATA[Step 1 : Điều hướng đến trang đăng nhập]]>
    </line>
    <line>
      <![CDATA[Step 2 : Đăng nhập với tài khoản hợp lệ]]>
    </line>
    <line>
      <![CDATA[Step 3 : Chọn tùy chọn sắp xếp 'Name (Z to A)']]>
    </line>
    <line>
      <![CDATA[Step 4 : Xác minh sản phẩm được sắp xếp theo tên từ Z đến A]]>
    </line>
    <line>
      <![CDATA[Step 1 : Điều hướng đến trang đăng nhập]]>
    </line>
    <line>
      <![CDATA[Step 2 : Đăng nhập với tài khoản hợp lệ]]>
    </line>
    <line>
      <![CDATA[Step 3: Kiểm tra có sản phẩm hiển thị trên trang Inventory]]>
    </line>
    <line>
      <![CDATA[Step 4 : Thêm một sản phẩm vào giỏ hàng]]>
    </line>
    <line>
      <![CDATA[Step 5 : Xác minh sản phẩm đã được thêm vào giỏ hàng]]>
    </line>
    <line>
      <![CDATA[Step 6 : Xóa sản phẩm khỏi giỏ hàng]]>
    </line>
    <line>
      <![CDATA[Step 7 : Xác minh sản phẩm đã được xóa khỏi giỏ hàng]]>
    </line>
  </reporter-output>
  <suite started-at="2025-12-09T10:40:11 ICT" name="Cau2" finished-at="2025-12-09T10:40:25 ICT" duration-ms="13284">
    <groups>
    </groups>
    <test started-at="2025-12-09T10:40:11 ICT" name="Test Sort Products" finished-at="2025-12-09T10:40:16 ICT" duration-ms="4624">
      <class name="Cau2.SortProduct">
        <test-method is-config="true" signature="setUp()[pri:0, instance:Cau2.SortProduct@5bf0d49]" started-at="2025-12-09T10:40:11 ICT" name="setUp" finished-at="2025-12-09T10:40:13 ICT" duration-ms="1181" status="PASS">
          <reporter-output>
          </reporter-output>
        </test-method> <!-- setUp -->
        <test-method signature="testSortProductsByNameZToA()[pri:0, instance:Cau2.SortProduct@5bf0d49]" started-at="2025-12-09T10:40:13 ICT" name="testSortProductsByNameZToA" finished-at="2025-12-09T10:40:16 ICT" duration-ms="3017" status="PASS">
          <reporter-output>
            <line>
              <![CDATA[Step 1 : Điều hướng đến trang đăng nhập]]>
            </line>
            <line>
              <![CDATA[Step 2 : Đăng nhập với tài khoản hợp lệ]]>
            </line>
            <line>
              <![CDATA[Step 3 : Chọn tùy chọn sắp xếp 'Name (Z to A)']]>
            </line>
            <line>
              <![CDATA[Step 4 : Xác minh sản phẩm được sắp xếp theo tên từ Z đến A]]>
            </line>
          </reporter-output>
        </test-method> <!-- testSortProductsByNameZToA -->
        <test-method is-config="true" signature="tearDown()[pri:0, instance:Cau2.SortProduct@5bf0d49]" started-at="2025-12-09T10:40:16 ICT" name="tearDown" finished-at="2025-12-09T10:40:16 ICT" duration-ms="396" status="PASS">
          <reporter-output>
          </reporter-output>
        </test-method> <!-- tearDown -->
      </class> <!-- Cau2.SortProduct -->
    </test> <!-- Test Sort Products -->
    <test started-at="2025-12-09T10:40:16 ICT" name="Test Remove Products" finished-at="2025-12-09T10:40:25 ICT" duration-ms="8627">
      <class name="Cau2.RemoveProduct">
        <test-method is-config="true" signature="setUp()[pri:0, instance:Cau2.RemoveProduct@6200f9cb]" started-at="2025-12-09T10:40:16 ICT" name="setUp" finished-at="2025-12-09T10:40:17 ICT" duration-ms="766" status="PASS">
          <reporter-output>
          </reporter-output>
        </test-method> <!-- setUp -->
        <test-method signature="testRemoveProductFromCart()[pri:0, instance:Cau2.RemoveProduct@6200f9cb]" started-at="2025-12-09T10:40:17 ICT" name="testRemoveProductFromCart" finished-at="2025-12-09T10:40:24 ICT" duration-ms="7617" status="PASS">
          <reporter-output>
            <line>
              <![CDATA[Step 1 : Điều hướng đến trang đăng nhập]]>
            </line>
            <line>
              <![CDATA[Step 2 : Đăng nhập với tài khoản hợp lệ]]>
            </line>
            <line>
              <![CDATA[Step 3: Kiểm tra có sản phẩm hiển thị trên trang Inventory]]>
            </line>
            <line>
              <![CDATA[Step 4 : Thêm một sản phẩm vào giỏ hàng]]>
            </line>
            <line>
              <![CDATA[Step 5 : Xác minh sản phẩm đã được thêm vào giỏ hàng]]>
            </line>
            <line>
              <![CDATA[Step 6 : Xóa sản phẩm khỏi giỏ hàng]]>
            </line>
            <line>
              <![CDATA[Step 7 : Xác minh sản phẩm đã được xóa khỏi giỏ hàng]]>
            </line>
          </reporter-output>
        </test-method> <!-- testRemoveProductFromCart -->
        <test-method is-config="true" signature="tearDown()[pri:0, instance:Cau2.RemoveProduct@6200f9cb]" started-at="2025-12-09T10:40:24 ICT" name="tearDown" finished-at="2025-12-09T10:40:25 ICT" duration-ms="228" status="PASS">
          <reporter-output>
          </reporter-output>
        </test-method> <!-- tearDown -->
      </class> <!-- Cau2.RemoveProduct -->
    </test> <!-- Test Remove Products -->
  </suite> <!-- Cau2 -->
</testng-results>
