<?xml version="1.0" encoding="UTF-8"?>
<!-- Generated by org.testng.reporters.JUnitReportReporter -->
<testsuite hostname="MSI" failures="0" tests="1" name="Cau1.SearchEmployee" time="19.185" errors="0" timestamp="2025-12-09T10:28:49 ICT" skipped="0">
  <testcase classname="Cau1.SearchEmployee" name="testSearchEmployee" time="19.185">
    <system-out>
      <![CDATA[Step 1: Điều hướng đến trang đăng nhập OrangeHRM
Step 2: Nhập tên đăng nhập
Step 3: Điều hướng đến trang PIM
Step 4: Điều hướng đến trang Danh Sách Nhân Viên
Step 5: Tìm kiếm nhân viên theo tên 'John'
Step 6: Lấy và in ra số lượng bản ghi tìm thấy
Số lượng bản ghi tìm thấy: (25) Records Found]]>
    </system-out>
  </testcase> <!-- testSearchEmployee -->
  <system-out>
    <![CDATA[Step 1: Điều hướng đến trang đăng nhập OrangeHRM
Step 2: Nhập tên đăng nhập
Step 3: Điều hướng đến trang PIM
Step 4: Điều hướng đến trang Danh Sách Nhân Viên
Step 5: Tìm kiếm nhân viên theo tên 'John'
Step 6: Lấy và in ra số lượng bản ghi tìm thấy
Số lượng bản ghi tìm thấy: (25) Records Found]]>
  </system-out>
</testsuite> <!-- Cau1.SearchEmployee -->
