<?xml version="1.0" encoding="UTF-8"?>
<!-- Generated by org.testng.reporters.JUnitReportReporter -->
<testsuite hostname="MSI" failures="0" tests="1" name="Cau1.AddEmployee" time="25.928" errors="0" timestamp="2025-12-09T10:22:35 ICT" skipped="0">
  <testcase classname="Cau1.AddEmployee" name="testAddEmployee" time="25.928">
    <system-out>
      <![CDATA[Step 1: Đieu hướng đến trang đăng nhập OrangeHRM
Step 2: Nhập tên đăng nhập
Step 3: Điều hướng đến trang PIM
Step 4: Nhấn nút Thêm Nhân Viên
Step 5: Nhập thông tin nhân viên và lưu
Step 6: Điều hướng đến trang Danh Sách Nhân Viên và tìm kiếm nhân viên vừa thêm
Expected Name: John Doe
Actual Name: John Doe]]>
    </system-out>
  </testcase> <!-- testAddEmployee -->
  <system-out>
    <![CDATA[Step 1: Đieu hướng đến trang đăng nhập OrangeHRM
Step 2: Nhập tên đăng nhập
Step 3: Điều hướng đến trang PIM
Step 4: Nhấn nút Thêm Nhân Viên
Step 5: Nhập thông tin nhân viên và lưu
Step 6: Điều hướng đến trang Danh Sách Nhân Viên và tìm kiếm nhân viên vừa thêm
Expected Name: John Doe
Actual Name: John Doe]]>
  </system-out>
</testsuite> <!-- Cau1.AddEmployee -->
