<?xml version="1.0" encoding="UTF-8"?>
<!-- Generated by org.testng.reporters.JUnitReportReporter -->
<testsuite hostname="MSI" failures="0" tests="1" name="Cau2.RemoveProduct" time="8.611" errors="0" timestamp="2025-12-09T10:40:25 ICT" skipped="0">
  <testcase classname="Cau2.RemoveProduct" name="testRemoveProductFromCart" time="8.611">
    <system-out>
      <![CDATA[Step 1 : Điều hướng đến trang đăng nhập
Step 2 : Đăng nhập với tài khoản hợp lệ
Step 3: Kiểm tra có sản phẩm hiển thị trên trang Inventory
Step 4 : Thêm một sản phẩm vào giỏ hàng
Step 5 : Xác minh sản phẩm đã được thêm vào giỏ hàng
Step 6 : Xóa sản phẩm khỏi giỏ hàng
Step 7 : Xác minh sản phẩm đã được xóa khỏi giỏ hàng]]>
    </system-out>
  </testcase> <!-- testRemoveProductFromCart -->
  <system-out>
    <![CDATA[Step 1 : Điều hướng đến trang đăng nhập
Step 2 : Đăng nhập với tài khoản hợp lệ
Step 3 : Chọn tùy chọn sắp xếp 'Name (Z to A)'
Step 4 : Xác minh sản phẩm được sắp xếp theo tên từ Z đến A
Step 1 : Điều hướng đến trang đăng nhập
Step 2 : Đăng nhập với tài khoản hợp lệ
Step 3: Kiểm tra có sản phẩm hiển thị trên trang Inventory
Step 4 : Thêm một sản phẩm vào giỏ hàng
Step 5 : Xác minh sản phẩm đã được thêm vào giỏ hàng
Step 6 : Xóa sản phẩm khỏi giỏ hàng
Step 7 : Xác minh sản phẩm đã được xóa khỏi giỏ hàng]]>
  </system-out>
</testsuite> <!-- Cau2.RemoveProduct -->
