<?xml version="1.0" encoding="UTF-8"?>
<!-- Generated by org.testng.reporters.JUnitReportReporter -->
<testsuite hostname="DESKTOP-2J6M3EQ" failures="0" tests="2" name="Cau2.SortProduct" time="31.453" errors="0" timestamp="2025-12-14T23:23:58 ICT" skipped="0">
  <testcase classname="Cau2.SortProduct" name="testSortProducts" time="13.700">
    <system-out>
      <![CDATA[Step 1 : Điều hướng đến trang đăng nhập
Step 2 : Đăng nhập với tài khoản hợp lệ
Step 3 : Chọn tùy chọn sắp xếp
Step 4 : Xác minh sản phẩm được sắp xếp]]>
    </system-out>
  </testcase> <!-- testSortProducts -->
  <testcase classname="Cau2.SortProduct" name="testSortProducts" time="17.753">
    <system-out>
      <![CDATA[Step 1 : Điều hướng đến trang đăng nhập
Step 2 : Đăng nhập với tài khoản hợp lệ
Step 3 : Chọn tùy chọn sắp xếp
Step 4 : Xác minh sản phẩm được sắp xếp]]>
    </system-out>
  </testcase> <!-- testSortProducts -->
  <system-out>
    <![CDATA[Step 1 : Điều hướng đến trang đăng nhập
Step 2 : Đăng nhập với tài khoản hợp lệ
Step 3 : Chọn tùy chọn sắp xếp
Step 4 : Xác minh sản phẩm được sắp xếp
Step 1 : Điều hướng đến trang đăng nhập
Step 2 : Đăng nhập với tài khoản hợp lệ
Step 3 : Chọn tùy chọn sắp xếp
Step 4 : Xác minh sản phẩm được sắp xếp
Step 1 : Điều hướng đến trang đăng nhập
Step 2 : Đăng nhập với tài khoản hợp lệ
Step 3: Kiểm tra có sản phẩm hiển thị trên trang Inventory
Step 4 : Thêm một sản phẩm vào giỏ hàng
Step 5 : Xác minh sản phẩm đã được thêm vào giỏ hàng
Step 6 : Xóa sản phẩm khỏi giỏ hàng
Step 7 : Xác minh sản phẩm đã được xóa khỏi giỏ hàng
Step 1 : Điều hướng đến trang đăng nhập
Step 2 : Đăng nhập với tài khoản hợp lệ
Step 3: Kiểm tra có sản phẩm hiển thị trên trang Inventory
Step 4 : Thêm một sản phẩm vào giỏ hàng
Step 5 : Xác minh sản phẩm đã được thêm vào giỏ hàng
Step 6 : Xóa sản phẩm khỏi giỏ hàng
Step 7 : Xác minh sản phẩm đã được xóa khỏi giỏ hàng]]>
  </system-out>
</testsuite> <!-- Cau2.SortProduct -->
