<?xml version="1.0" encoding="UTF-8"?>
<!-- Generated by org.testng.reporters.JUnitReportReporter -->
<testsuite hostname="MSI" failures="1" tests="2" name="Cau1.Bai1" time="15.871" errors="0" timestamp="2025-12-09T10:26:31 ICT" skipped="0">
  <testcase classname="Cau1.Bai1" name="testLoginOrangeHRM" time="6.134">
    <failure message="expected [true] but found [false]" type="java.lang.AssertionError">
      <![CDATA[java.lang.AssertionError: expected [true] but found [false]
at org.testng.Assert.fail(Assert.java:111)
at org.testng.Assert.failNotEquals(Assert.java:1578)
at org.testng.Assert.assertTrue(Assert.java:57)
at org.testng.Assert.assertTrue(Assert.java:67)
at Cau1.Bai1.testLoginOrangeHRM(Bai1.java:45)
at java.base/jdk.internal.reflect.DirectMethodHandleAccessor.invoke(DirectMethodHandleAccessor.java:103)
at java.base/java.lang.reflect.Method.invoke(Method.java:580)
at org.testng.internal.invokers.MethodInvocationHelper.invokeMethod(MethodInvocationHelper.java:141)
at org.testng.internal.invokers.TestInvoker.invokeMethod(TestInvoker.java:686)
at org.testng.internal.invokers.TestInvoker.invokeTestMethod(TestInvoker.java:230)
at org.testng.internal.invokers.MethodRunner.runInSequence(MethodRunner.java:63)
at org.testng.internal.invokers.TestInvoker$MethodInvocationAgent.invoke(TestInvoker.java:992)
at org.testng.internal.invokers.TestInvoker.invokeTestMethods(TestInvoker.java:203)
at org.testng.internal.invokers.TestMethodWorker.invokeTestMethods(TestMethodWorker.java:154)
at org.testng.internal.invokers.TestMethodWorker.run(TestMethodWorker.java:134)
at java.base/java.util.ArrayList.forEach(ArrayList.java:1596)
at org.testng.TestRunner.privateRun(TestRunner.java:739)
at org.testng.TestRunner.run(TestRunner.java:614)
at org.testng.SuiteRunner.runTest(SuiteRunner.java:421)
at org.testng.SuiteRunner.runSequentially(SuiteRunner.java:413)
at org.testng.SuiteRunner.privateRun(SuiteRunner.java:373)
at org.testng.SuiteRunner.run(SuiteRunner.java:312)
at org.testng.SuiteRunnerWorker.runSuite(SuiteRunnerWorker.java:52)
at org.testng.SuiteRunnerWorker.run(SuiteRunnerWorker.java:95)
at org.testng.TestNG.runSuitesSequentially(TestNG.java:1274)
at org.testng.TestNG.runSuitesLocally(TestNG.java:1208)
at org.testng.TestNG.runSuites(TestNG.java:1112)
at org.testng.TestNG.run(TestNG.java:1079)
at org.testng.remote.AbstractRemoteTestNG.run(AbstractRemoteTestNG.java:115)
at org.testng.remote.RemoteTestNG.initAndRun(RemoteTestNG.java:293)
at org.testng.remote.RemoteTestNG.main(RemoteTestNG.java:91)
]]>
    </failure>
    <system-out>
      <![CDATA[Step 1: Điều hướng đến trang đăng nhập OrangeHRM
Step 2: Nhập tên đăng nhập
Step 3: Nhập mật khẩu
Step 4: Nhấn nút Đăng nhập
Step 5: Kiểm tra đăng nhập thành công
Current URL: https://opensource-demo.orangehrmlive.com/web/index.php/auth/login]]>
    </system-out>
  </testcase> <!-- testLoginOrangeHRM -->
  <testcase classname="Cau1.Bai1" name="testLoginOrangeHRM" time="9.737">
    <system-out>
      <![CDATA[Step 1: Điều hướng đến trang đăng nhập OrangeHRM
Step 2: Nhập tên đăng nhập
Step 3: Nhập mật khẩu
Step 4: Nhấn nút Đăng nhập
Step 5: Kiểm tra đăng nhập thành công
Current URL: https://opensource-demo.orangehrmlive.com/web/index.php/dashboard/index
Step 6: Đăng xuất để chuẩn bị cho lần đăng nhập tiếp theo]]>
    </system-out>
  </testcase> <!-- testLoginOrangeHRM -->
  <system-out>
    <![CDATA[Step 1: Điều hướng đến trang đăng nhập OrangeHRM
Step 2: Nhập tên đăng nhập
Step 3: Nhập mật khẩu
Step 4: Nhấn nút Đăng nhập
Step 5: Kiểm tra đăng nhập thành công
Current URL: https://opensource-demo.orangehrmlive.com/web/index.php/dashboard/index
Step 6: Đăng xuất để chuẩn bị cho lần đăng nhập tiếp theo
Step 1: Điều hướng đến trang đăng nhập OrangeHRM
Step 2: Nhập tên đăng nhập
Step 3: Nhập mật khẩu
Step 4: Nhấn nút Đăng nhập
Step 5: Kiểm tra đăng nhập thành công
Current URL: https://opensource-demo.orangehrmlive.com/web/index.php/auth/login]]>
  </system-out>
</testsuite> <!-- Cau1.Bai1 -->
